<?xml version="1.0" encoding="UTF-8"?>
<testng-results skipped="0" failed="0" ignored="0" total="1" passed="1">
  <reporter-output>
  </reporter-output>
  <suite name="Default suite" duration-ms="56539" started-at="2021-06-07T18:50:59 IST" finished-at="2021-06-07T18:51:56 IST">
    <groups>
    </groups>
    <test name="Default test" duration-ms="56539" started-at="2021-06-07T18:50:59 IST" finished-at="2021-06-07T18:51:56 IST">
      <class name="Smoke_Test.Login_WindowHandler">
        <test-method status="PASS" signature="Window_handle()[pri:0, instance:Smoke_Test.Login_WindowHandler@3098cf3b]" name="Window_handle" duration-ms="56495" started-at="2021-06-07T18:50:59 IST" finished-at="2021-06-07T18:51:56 IST">
          <reporter-output>
          </reporter-output>
        </test-method> <!-- Window_handle -->
      </class> <!-- Smoke_Test.Login_WindowHandler -->
    </test> <!-- Default test -->
  </suite> <!-- Default suite -->
</testng-results>
